SF:/Users/sabae/buildbot/worker/package_macos64/build/usr/share/julia/stdlib/v1.3/REPL/src/LineEdit.jl
DA:97,0
DA:98,0
DA:99,0
DA:100,0
DA:101,0
DA:208,0
DA:234,1
DA:245,2
DA:248,1
DA:249,1
DA:250,0
DA:251,0
DA:252,0
DA:256,2
DA:260,1
DA:264,1
DA:265,1
DA:375,10
DA:466,8
DA:541,0
DA:660,0
DA:825,0
DA:826,0
DA:827,0
DA:828,0
DA:829,0
DA:1226,0
DA:1356,2
DA:1357,1
DA:1358,1
DA:1360,0
DA:1739,0
DA:1741,0
DA:2015,6
DA:2016,1
DA:2017,1
DA:2018,1
DA:2020,0
DA:2021,0
DA:2046,1
DA:2047,1
DA:2048,0
DA:2050,1
LH:20
LF:43
end_of_record
SF:iterators.jl
DA:138,2
DA:139,181
DA:140,91
DA:141,90
DA:234,84
DA:235,84
LH:6
LF:6
end_of_record
SF:/Users/sabae/buildbot/worker/package_macos64/build/usr/share/julia/stdlib/v1.3/Pkg/src/Artifacts.jl
DA:76,3
DA:174,0
DA:184,12
DA:263,3
DA:284,3
DA:375,130
DA:376,0
DA:377,0
DA:380,65
DA:381,0
DA:382,0
DA:386,65
DA:387,220
DA:388,65
DA:389,78
DA:392,130
DA:398,130
DA:401,130
DA:402,110
DA:403,104
DA:404,65
DA:405,65
DA:408,65
DA:450,6
DA:454,3
DA:455,3
DA:456,0
DA:458,0
DA:460,0
DA:461,0
DA:465,0
DA:466,0
DA:467,0
DA:468,0
DA:470,0
DA:471,0
DA:472,0
DA:477,3
DA:492,3
DA:493,0
DA:497,3
DA:498,3
DA:740,6
DA:741,3
DA:745,9
DA:746,9
DA:747,18
DA:748,18
DA:749,9
DA:756,6
DA:757,12
DA:758,6
DA:763,6
DA:767,0
DA:782,9
DA:783,3
DA:784,0
DA:787,3
DA:793,6
DA:795,3
DA:798,0
DA:799,0
DA:803,0
DA:804,0
DA:805,0
DA:806,0
DA:807,0
DA:810,0
DA:812,3
DA:907,3
DA:908,3
DA:909,0
DA:918,3
DA:919,6
DA:920,6
DA:924,3
LH:48
LF:76
end_of_record
SF:indices.jl
DA:297,2294
DA:301,130
DA:319,6996
DA:326,16779800
DA:332,0
DA:429,135
DA:445,4
DA:465,4
LH:7
LF:8
end_of_record
SF:/Users/sabae/buildbot/worker/package_macos64/build/usr/share/julia/stdlib/v1.3/LibGit2/src/strarray.jl
DA:14,0
LH:0
LF:1
end_of_record
SF:/Users/sabae/buildbot/worker/package_macos64/build/usr/share/julia/stdlib/v1.3/REPL/src/REPL.jl
DA:382,2
LH:1
LF:1
end_of_record
SF:/Users/sabae/buildbot/worker/package_macos64/build/usr/share/julia/stdlib/v1.3/Pkg/ext/TOML/src/TOML.jl
DA:50,3
LH:1
LF:1
end_of_record
SF:dict.jl
DA:101,65
DA:102,65
DA:103,325
DA:105,65
DA:123,130
DA:171,0
DA:476,201
DA:477,201
DA:500,391
DA:501,605
DA:545,130
DA:659,0
DA:660,0
DA:661,0
DA:662,0
DA:665,0
DA:682,3
DA:685,0
DA:686,0
DA:687,0
DA:688,0
DA:689,0
LH:11
LF:22
end_of_record
SF:promotion.jl
DA:259,32363
DA:282,32363
DA:284,2
DA:311,1
DA:312,2
DA:313,32312
DA:314,4
DA:348,38
DA:349,5
DA:350,1
DA:362,2
DA:401,3956669100
DA:412,16110827
DA:413,2062083
LH:14
LF:14
end_of_record
SF:refpointer.jl
DA:94,30
LH:1
LF:1
end_of_record
SF:/Users/sabae/buildbot/worker/package_macos64/build/usr/share/julia/stdlib/v1.3/Libdl/src/Libdl.jl
DA:105,0
DA:109,9
LH:1
LF:2
end_of_record
SF:/Users/jakoo/.julia/packages/OpenSpecFun_jll/XrUb6/src/wrappers/x86_64-apple-darwin14-libgfortran5.jl
DA:27,2
DA:31,1
DA:35,2
DA:36,1
DA:39,1
DA:40,1
DA:41,1
DA:42,1
LH:8
LF:8
end_of_record
SF:tuple.jl
DA:24,2219
DA:43,692
DA:63,48348
DA:139,14040091
DA:140,5356
DA:141,3527
DA:142,292
DA:158,0
DA:159,52
DA:162,4
DA:267,2262
DA:271,1295
DA:272,1295
DA:273,0
DA:277,1295
DA:385,2056
DA:395,48
DA:396,4
DA:399,2
DA:402,6
LH:18
LF:20
end_of_record
SF:/Users/sabae/buildbot/worker/package_macos64/build/usr/share/julia/stdlib/v1.3/Random/src/generation.jl
DA:19,1
DA:35,2
LH:2
LF:2
end_of_record
SF:path.jl
DA:84,8
DA:132,18
DA:161,18
DA:328,8
LH:4
LF:4
end_of_record
SF:reshapedarray.jl
DA:6,1024
DA:10,1024
DA:112,1024
DA:115,1024
DA:116,1
DA:174,1024
DA:175,1024
DA:176,1024
DA:202,1024
DA:205,1536
DA:208,3448373248
DA:230,1724186624
DA:231,1724186624
DA:240,1724186624
DA:242,1724186624
DA:245,3448373248
DA:253,1724186624
DA:254,1724186624
DA:263,1724186624
DA:264,1724186624
LH:20
LF:20
end_of_record
SF:/Users/sabae/buildbot/worker/package_macos64/build/usr/share/julia/stdlib/v1.3/Random/src/DSFMT.jl
DA:55,1
DA:93,2
DA:94,1
DA:95,1
LH:4
LF:4
end_of_record
SF:/Users/jakoo/.julia/packages/FFTW_jll/cl0uN/src/wrappers/x86_64-apple-darwin14.jl
DA:41,2
DA:45,1
DA:49,2
DA:50,1
DA:52,1
DA:56,2
DA:57,1
DA:60,1
DA:61,1
DA:62,1
DA:63,1
LH:11
LF:11
end_of_record
SF:mpfr.jl
DA:397,0
DA:405,0
LH:0
LF:2
end_of_record
SF:/Users/sabae/buildbot/worker/package_macos64/build/usr/share/julia/stdlib/v1.3/SparseArrays/src/linalg.jl
DA:35,2310
DA:36,1155
DA:37,131
DA:38,1155
DA:39,1155
DA:40,1155
DA:41,2310
DA:43,1286
DA:44,2310
DA:45,18783232
DA:46,36847616
DA:47,3887234944
DA:51,1155
DA:53,128
DA:54,131
DA:59,6
DA:60,3
DA:61,3
DA:62,3
DA:63,3
DA:64,3
DA:65,3
DA:66,6
DA:68,6
DA:69,6
DA:71,98304
DA:72,20057856
DA:74,49152
DA:77,3
DA:80,3
DA:112,1024
LH:31
LF:31
end_of_record
SF:subarray.jl
DA:16,2124
DA:22,2132
DA:26,8
DA:31,2120
DA:32,2120
DA:43,0
DA:65,8216
DA:97,28
DA:105,0
DA:106,0
DA:107,0
DA:111,0
DA:156,2132
DA:157,2132
DA:158,2132
DA:163,2108
DA:172,24
DA:173,24
DA:179,72
DA:182,24
DA:183,24
DA:248,1757741056
DA:249,1757741056
DA:250,1757741056
DA:262,1757039616
DA:263,1757039616
DA:264,1757039616
DA:270,65536
DA:271,65536
DA:272,65536
DA:276,65536
DA:277,65536
DA:278,65536
DA:282,1757806592
DA:283,1757806592
DA:284,1757806592
DA:294,1740542976
DA:295,1740542976
DA:296,1740542976
DA:315,2120
DA:319,12
DA:347,2120
DA:349,1024
DA:351,1096
DA:355,2120
DA:356,2120
DA:360,2144
DA:361,2144
DA:366,3264
DA:398,8392240
DA:399,8
DA:403,16780864
LH:47
LF:52
end_of_record
SF:/Users/jakoo/.julia/packages/TomoForward/bK6EX/src/util_astra.jl
DA:2,1
DA:8,1
DA:10,2
DA:11,90
DA:12,90
DA:14,90
DA:15,90
DA:17,90
DA:18,179
DA:21,1
LH:10
LF:10
end_of_record
SF:iobuffer.jl
DA:208,0
DA:209,0
DA:210,0
DA:211,0
DA:212,0
DA:214,0
DA:215,0
DA:216,0
DA:220,0
DA:221,0
DA:222,0
DA:224,0
DA:236,0
DA:330,0
LH:0
LF:14
end_of_record
SF:strings/util.jl
DA:50,1
DA:51,1
DA:52,0
DA:53,1
DA:54,1
DA:56,0
LH:4
LF:6
end_of_record
SF:reduce.jl
DA:24,1
DA:170,3
DA:298,4
DA:299,4
DA:300,4
DA:301,0
DA:302,4
DA:303,0
DA:304,0
DA:305,4
DA:307,1
DA:308,1
DA:309,1
DA:310,1
DA:311,0
DA:312,0
DA:314,1
DA:316,3
LH:13
LF:18
end_of_record
SF:intfuncs.jl
DA:244,25214976
DA:642,4
LH:2
LF:2
end_of_record
SF:refvalue.jl
DA:8,30
DA:10,30
DA:32,50429952
LH:3
LF:3
end_of_record
SF:rational.jl
DA:14,16116
DA:15,32226
DA:16,16116
DA:21,32224
DA:44,32224
DA:82,2
DA:94,6
DA:245,16110
DA:246,32220
DA:268,2
LH:10
LF:10
end_of_record
SF:/Users/sabae/buildbot/worker/package_macos64/build/usr/share/julia/stdlib/v1.3/LinearAlgebra/src/adjtrans.jl
DA:39,3
DA:95,3
DA:172,3
LH:3
LF:3
end_of_record
SF:/Users/sabae/buildbot/worker/package_macos64/build/usr/share/julia/stdlib/v1.3/Random/src/Random.jl
DA:90,1
DA:97,1
DA:140,2
DA:167,1
DA:179,1
DA:183,0
DA:253,4
DA:267,1
DA:277,1
DA:288,1
DA:289,2
LH:10
LF:11
end_of_record
SF:/Users/jakoo/.julia/packages/TomoForward/bK6EX/src/proj_geom.jl
DA:35,2
LH:1
LF:1
end_of_record
SF:/Users/jakoo/work/_julia/XfromProjections.jl/src/iterative/tv_primaldual.jl
DA:93,2
DA:95,1
DA:98,1
DA:99,1
DA:101,1
DA:102,1
DA:104,1
DA:106,1
DA:107,1
DA:109,1
DA:110,1
DA:111,1
DA:113,2
DA:114,8
DA:118,8
DA:119,512
DA:120,512
DA:121,512
DA:122,512
DA:125,512
DA:126,1024
DA:128,1020
DA:132,4
DA:133,8
DA:134,4
DA:136,8
DA:139,8
DA:142,8
DA:145,4
DA:147,7
DA:150,1
DA:154,4
DA:155,1
DA:156,2
DA:158,1
DA:159,2
DA:160,3
DA:163,2
DA:164,1
DA:166,1
LH:40
LF:40
end_of_record
SF:/Users/jakoo/.julia/packages/TomoForward/bK6EX/src/fp_op_parallel2d_strip.jl
DA:6,2
DA:7,1
DA:8,1
DA:9,1
DA:11,1
DA:12,1
DA:49,2
DA:50,1
DA:65,1
DA:66,1
DA:68,1
DA:69,1
DA:73,1
DA:74,1
DA:76,1
DA:79,2
DA:80,90
DA:83,90
DA:84,90
DA:86,90
DA:88,180
DA:89,180
DA:92,180
DA:93,16110
DA:95,16110
DA:96,16110
DA:97,16110
DA:98,16110
DA:102,16110
DA:103,8055
DA:104,16110
DA:106,8055
DA:107,8055
DA:109,8055
DA:112,8055
DA:113,8055
DA:115,8055
DA:122,16110
DA:123,2062080
DA:124,2062080
DA:125,1031040
DA:126,1031040
DA:129,1031040
DA:130,1031040
DA:132,1031040
DA:133,2339616
DA:138,2339616
DA:139,1061054
DA:140,1278562
DA:141,274661
DA:142,1003901
DA:143,389073
DA:144,614828
DA:145,274653
DA:149,2339616
DA:150,323793
DA:151,2015823
DA:152,274652
DA:153,1741171
DA:154,389074
DA:155,1352097
DA:156,274660
DA:159,2339616
DA:160,2339616
DA:164,2339616
DA:165,2339616
DA:167,1031040
DA:168,2054025
DA:171,8055
DA:172,16110
DA:174,8055
DA:175,8055
DA:176,8055
DA:178,8055
DA:179,8055
DA:181,8055
DA:187,16110
DA:188,2062080
DA:189,2062080
DA:191,1031040
DA:192,1031040
DA:194,1031040
DA:195,1031040
DA:196,1031040
DA:198,1031040
DA:199,2339887
DA:203,2339887
DA:204,1065725
DA:205,1274162
DA:206,274660
DA:207,999502
DA:208,389074
DA:209,610428
DA:210,274652
DA:214,2339887
DA:215,328462
DA:216,2011425
DA:217,274654
DA:218,1736771
DA:219,389072
DA:220,1347699
DA:221,274662
DA:224,2339887
DA:225,2339887
DA:230,2339887
DA:231,2339887
DA:234,1031040
DA:235,1047239
DA:242,1
DA:243,1
DA:244,1
LH:111
LF:111
end_of_record
SF:sort.jl
DA:552,3
DA:638,3
DA:642,3
DA:643,3
DA:703,3
DA:751,3
LH:6
LF:6
end_of_record
SF:int.jl
DA:49,265412754
DA:51,16112
DA:52,3823836142
DA:53,14952831823
DA:54,3786347764
DA:59,92
DA:75,1
DA:91,1
DA:93,58736366
DA:96,2
DA:136,2
DA:176,2
DA:228,1
DA:229,5
DA:231,2
DA:270,0
DA:293,36
DA:316,0
DA:317,0
DA:367,0
DA:406,0
DA:423,311
DA:424,23649168
DA:425,0
DA:428,1
DA:429,1
DA:430,310
DA:438,0
DA:439,0
DA:446,0
DA:459,2
DA:464,623
DA:859,2
DA:872,311
DA:874,347
LH:26
LF:35
end_of_record
SF:threadingconstructs.jl
DA:10,1
DA:19,1
DA:116,0
DA:117,0
DA:118,0
DA:119,0
DA:121,0
LH:2
LF:7
end_of_record
SF:views.jl
DA:124,60
LH:1
LF:1
end_of_record
SF:strings/string.jl
DA:84,2
DA:85,1
DA:95,1
DA:136,1
LH:4
LF:4
end_of_record
SF:/Users/jakoo/work/_julia/XfromProjections.jl/test/test_tv2d_slices_primaldual.jl
DA:21,2
DA:22,128
LH:2
LF:2
end_of_record
SF:linked_list.jl
DA:7,0
LH:0
LF:1
end_of_record
SF:task.jl
DA:5,0
DA:317,0
DA:318,0
DA:319,0
DA:511,0
LH:0
LF:5
end_of_record
SF:floatfuncs.jl
DA:15,58720256
DA:152,4
LH:2
LF:2
end_of_record
SF:/Users/sabae/buildbot/worker/package_macos64/build/usr/share/julia/stdlib/v1.3/Random/src/RNGs.jl
DA:178,0
DA:179,2
DA:180,1
DA:182,2
DA:185,1
DA:186,1
DA:189,4
DA:296,1
DA:359,2
DA:383,2
DA:384,2
DA:427,1
DA:431,1
DA:432,0
DA:433,2
DA:443,0
DA:444,0
DA:445,0
DA:447,0
DA:448,0
DA:449,0
DA:450,0
DA:452,0
DA:453,0
DA:454,0
DA:456,0
DA:457,0
DA:458,0
DA:461,0
DA:465,1
DA:480,2
DA:481,1
DA:482,1
DA:484,1
DA:485,1
DA:486,1
DA:487,0
DA:488,0
DA:489,0
DA:491,1
DA:493,2
DA:494,3
DA:496,1
DA:502,1
DA:503,1
DA:504,1
DA:509,1
LH:28
LF:47
end_of_record
SF:io.jl
DA:296,3
DA:697,0
DA:698,0
DA:699,0
DA:700,0
DA:702,0
DA:703,0
DA:704,0
DA:705,0
DA:706,0
DA:709,0
LH:1
LF:11
end_of_record
SF:Base.jl
DA:15,126
DA:20,17469920284
DA:21,4
DA:96,2
LH:4
LF:4
end_of_record
SF:stat.jl
DA:128,36
DA:192,3
DA:221,33
DA:311,36
LH:4
LF:4
end_of_record
SF:/Users/sabae/buildbot/worker/package_macos64/build/usr/share/julia/stdlib/v1.3/REPL/src/Terminals.jl
DA:159,3
DA:160,0
DA:164,0
DA:167,0
LH:1
LF:4
end_of_record
SF:loading.jl
DA:88,0
DA:90,0
LH:0
LF:2
end_of_record
SF:operators.jl
DA:83,385
DA:193,8051547
DA:268,0
DA:294,71188490
DA:317,0
DA:341,23594840
DA:346,0
DA:516,1
DA:529,6892870
DA:838,4
DA:1055,155
DA:1056,360
DA:1059,310
DA:1060,310
DA:1063,0
LH:11
LF:15
end_of_record
SF:util.jl
DA:22,2
DA:37,2
DA:42,1
DA:43,1
DA:44,1
DA:56,1
DA:153,1
DA:154,1
DA:155,1
DA:156,1
DA:157,1
DA:158,1
DA:160,1
LH:13
LF:13
end_of_record
SF:gcutils.jl
DA:90,2
DA:91,2
DA:92,2
LH:3
LF:3
end_of_record
SF:logging.jl
DA:105,0
DA:305,0
DA:307,0
DA:310,0
DA:311,0
DA:315,0
DA:318,0
DA:319,0
DA:320,0
DA:322,0
DA:517,0
DA:526,0
LH:0
LF:12
end_of_record
SF:locks-mt.jl
DA:30,0
LH:0
LF:1
end_of_record
SF:math.jl
DA:492,8388612
DA:493,8388613
DA:518,1
DA:642,33554432
LH:4
LF:4
end_of_record
SF:bool.jl
DA:36,46285970
DA:40,33570914
DA:41,33554491
DA:88,33554432
LH:4
LF:4
end_of_record
SF:pair.jl
DA:12,260
DA:15,260
DA:50,780
LH:3
LF:3
end_of_record
SF:reducedim.jl
DA:307,16
DA:312,8
DA:652,16
DA:656,8
DA:657,8
LH:5
LF:5
end_of_record
SF:namedtuple.jl
DA:107,134
LH:1
LF:1
end_of_record
SF:/Users/jakoo/.julia/packages/FFTW/qqcBj/src/fft.jl
DA:175,1
DA:176,1
LH:2
LF:2
end_of_record
SF:strings/io.jl
DA:101,4
DA:177,2
DA:304,4
LH:3
LF:3
end_of_record
SF:abstractarray.jl
DA:38,2052
DA:57,1039
DA:75,14049184
DA:85,6
DA:86,2
DA:89,2
DA:95,14039544
DA:206,2060
DA:212,1024
DA:257,8
DA:267,8
DA:268,14038516
DA:303,14038516
DA:304,12
DA:363,3
DA:482,2270
DA:488,0
DA:503,2270
DA:504,2270
DA:529,5642
DA:533,0
DA:560,2282
DA:625,3
DA:626,3
DA:629,137
DA:637,3
DA:641,2
DA:671,150
DA:672,150
DA:799,2
DA:899,3
DA:917,3
DA:934,128
DA:937,0
DA:981,3481787530
DA:1003,3481787392
DA:1004,3481787392
DA:1005,3481787392
DA:1010,67108864
DA:1074,3465216000
DA:1096,3465150464
DA:1097,3465150464
DA:1098,3465150464
DA:1104,65536
DA:1155,1166
DA:1171,0
DA:1189,63
DA:1196,63
DA:1213,126
DA:1790,67108864
DA:1805,3448373248
DA:1806,67108864
DA:1822,3649699840
DA:1826,134217728
DA:1828,3448373248
DA:1829,201326592
LH:52
LF:56
end_of_record
SF:boot.jl
DA:241,0
DA:283,0
DA:287,0
DA:303,0
DA:386,0
DA:404,293
DA:406,3
DA:408,19
DA:413,275
DA:414,3
DA:415,19
DA:416,3
DA:421,20
DA:423,5
DA:435,110
DA:549,3
DA:553,3
DA:564,14038527
DA:574,14038527
DA:575,14038527
DA:580,2
DA:581,2
DA:582,2
DA:583,2
DA:588,0
DA:589,0
DA:590,0
DA:591,0
DA:619,2
DA:629,5
DA:632,0
DA:635,8
DA:641,8
DA:676,0
DA:685,14038519
DA:686,0
DA:688,36
DA:709,2
DA:710,13
DA:711,8
DA:714,0
DA:715,14038555
DA:721,130
DA:726,2
LH:31
LF:44
end_of_record
SF:reflection.jl
DA:479,126
LH:1
LF:1
end_of_record
SF:/Users/jakoo/.julia/packages/TomoForward/bK6EX/src/fp_op_common.jl
DA:5,2
DA:14,2
DA:15,1
DA:16,1
DA:18,1
DA:19,1
DA:20,1
DA:21,1
DA:23,1
DA:33,9359006
DA:34,4679503
DA:35,4679503
DA:38,9359006
DA:39,0
DA:40,0
DA:45,3
DA:46,1
DA:47,0
LH:15
LF:18
end_of_record
SF:/Users/sabae/buildbot/worker/package_macos64/build/usr/share/julia/stdlib/v1.3/Pkg/src/BinaryPlatforms.jl
DA:168,175
DA:169,0
DA:177,65
DA:178,0
DA:182,45
DA:186,80
DA:187,0
DA:191,55
DA:192,0
DA:195,45
DA:196,0
DA:199,45
DA:215,5
DA:216,0
DA:225,5
DA:239,25
DA:240,0
DA:251,10
DA:268,10
DA:269,0
DA:270,5
DA:271,0
DA:272,10
DA:273,0
DA:278,5
DA:283,5
DA:287,10
DA:288,0
DA:292,5
DA:293,0
DA:296,5
DA:297,0
DA:300,5
DA:330,10
DA:376,10
DA:801,3
DA:808,5
DA:816,5
DA:817,5
DA:818,8
DA:821,5
DA:824,7
DA:827,7
DA:846,136
DA:848,3
DA:849,0
DA:858,3
DA:859,3
LH:34
LF:48
end_of_record
SF:abstractarraymath.jl
DA:41,1024
LH:1
LF:1
end_of_record
SF:multidimensional.jl
DA:64,117440512
DA:67,117440512
DA:338,52
DA:339,0
DA:341,52
DA:344,990720
DA:345,983092
DA:346,982988
DA:358,6156
DA:359,6156
DA:363,984576
DA:364,976884
DA:366,7704
DA:367,7692
DA:397,117440512
DA:480,0
DA:486,176160768
DA:488,83886080
DA:545,0
DA:626,2132
DA:654,3498
DA:659,3498
DA:669,138
DA:670,138
DA:866,2072
DA:867,33600508
DA:869,1036
DA:1335,1
DA:1337,1
DA:1338,4
DA:1339,1
DA:1340,1
LH:29
LF:32
end_of_record
SF:array.jl
DA:12,0
DA:14,0
DA:130,437
DA:154,15007
DA:155,14038669
DA:156,5350
DA:157,18986
DA:216,359
DA:242,0
DA:244,0
DA:286,4
DA:287,4
DA:288,8
DA:289,0
DA:291,4
DA:292,4
DA:303,11
DA:325,0
DA:329,3
DA:333,3
DA:334,137
DA:335,1
DA:379,0
DA:409,0
DA:411,0
DA:456,4
DA:457,1
DA:458,5
DA:461,6
DA:462,6
DA:490,2
DA:498,2
DA:533,3
DA:560,3
DA:566,3
DA:614,131
DA:720,465
DA:744,11399681265
DA:745,627412736
DA:782,3574790733
DA:784,523004316
DA:827,14038514
DA:836,2
DA:869,14038512
DA:870,14038512
DA:871,14038512
DA:875,0
DA:876,0
DA:877,0
DA:1017,4
DA:1018,4
DA:1019,2
DA:1020,2
DA:1021,2
DA:1022,0
DA:1024,2
DA:1026,4
DA:1037,3
DA:1038,3
LH:46
LF:59
end_of_record
SF:strings/unicode.jl
DA:531,110
LH:1
LF:1
end_of_record
SF:pointer.jl
DA:26,2
DA:30,3
DA:59,2
DA:65,129
DA:66,1
DA:105,2
DA:118,2
DA:147,2
DA:159,2
DA:160,0
LH:9
LF:10
end_of_record
SF:/Users/sabae/buildbot/worker/package_macos64/build/usr/share/julia/stdlib/v1.3/Test/src/logging.jl
DA:11,0
DA:37,0
DA:43,0
LH:0
LF:3
end_of_record
SF:abstractset.jl
DA:366,3
LH:1
LF:1
end_of_record
SF:/Users/sabae/buildbot/worker/package_macos64/build/usr/share/julia/stdlib/v1.3/SparseArrays/src/sparsematrix.jl
DA:28,2
DA:30,2
DA:31,2
DA:32,2
DA:36,2
DA:38,2
DA:39,2
DA:41,2
DA:42,2
DA:43,2
DA:44,2
DA:45,2
DA:49,3
DA:51,3
DA:52,3
DA:56,4
DA:58,2
DA:59,4
DA:60,32494
DA:61,32494
DA:62,64986
DA:64,2
DA:65,2
DA:68,7
DA:69,7
DA:70,7
DA:74,4
DA:111,3
DA:187,16384
DA:536,1
DA:560,1
DA:585,1
DA:626,2
DA:627,1
DA:628,2
DA:629,0
DA:633,1
DA:634,0
DA:636,2
DA:637,0
DA:638,0
DA:639,0
DA:640,0
DA:641,0
DA:644,0
DA:647,1
DA:648,1
DA:649,1
DA:652,1
DA:653,1
DA:657,1
DA:658,1
DA:660,1
DA:722,2
DA:723,1
DA:724,1
DA:726,1
DA:727,1
DA:728,1
DA:729,2
DA:730,4679503
DA:731,9359006
DA:732,0
DA:734,9359005
DA:739,1
DA:740,2
DA:741,16110
DA:742,16110
DA:743,32219
DA:748,2
DA:749,4679503
DA:750,9359006
DA:751,0
DA:753,4679503
DA:754,4679503
DA:755,4679503
DA:756,4679503
DA:757,9359005
DA:767,1
DA:768,1
DA:772,1
DA:773,2
DA:774,30898
DA:775,4679503
DA:776,4679503
DA:777,4679503
DA:778,4679503
DA:779,0
DA:780,0
DA:782,4679503
DA:783,4679503
DA:785,0
DA:786,9344218
DA:789,16110
DA:791,16110
DA:792,32219
DA:797,1
DA:798,2
DA:799,16384
DA:800,16384
DA:801,16384
DA:802,32767
DA:806,1
DA:807,1
DA:808,1
DA:812,2
DA:813,30898
DA:814,4679503
DA:815,4679503
DA:816,4679503
DA:817,4679503
DA:818,4679503
DA:819,4695612
DA:823,1
DA:849,1
DA:880,2
DA:881,1
DA:882,1
DA:890,2
DA:891,2
DA:892,6702335
DA:895,1
DA:897,2
DA:898,16110
DA:899,16110
DA:900,16110
DA:911,3
DA:912,16384
DA:913,32768
DA:914,3351168
DA:915,3351168
DA:916,3351168
DA:917,3351168
DA:918,3367551
DA:921,1
DA:947,2
DA:951,1
DA:953,3
DA:955,1
DA:1299,2
DA:1300,1
DA:1301,1
DA:1302,1
DA:1308,2
DA:1309,32768
DA:1310,4679503
DA:1311,4679503
DA:1313,4679503
DA:1314,3351168
DA:1315,3351168
DA:1316,3351168
DA:1318,8014287
DA:1321,16384
DA:1322,32767
DA:1326,1
DA:1327,1
DA:1328,1
DA:1329,2
DA:1331,1
DA:1332,2
DA:1336,1
DA:1363,4679505
LH:149
LF:162
end_of_record
SF:generator.jl
DA:32,0
LH:0
LF:1
end_of_record
SF:/Users/jakoo/.julia/packages/FFTW/qqcBj/src/FFTW.jl
DA:34,0
DA:35,0
DA:47,1
DA:48,1
DA:49,1
DA:50,2
DA:51,0
DA:54,1
DA:55,1
DA:56,1
DA:57,1
DA:58,1
DA:59,1
LH:10
LF:13
end_of_record
SF:number.jl
DA:7,14071080
DA:40,4679503
DA:237,2
LH:3
LF:3
end_of_record
SF:condition.jl
DA:67,0
LH:0
LF:1
end_of_record
SF:/Users/sabae/buildbot/worker/package_macos64/build/usr/share/julia/stdlib/v1.3/LinearAlgebra/src/generic.jl
DA:146,0
DA:147,0
DA:149,0
LH:0
LF:3
end_of_record
SF:set.jl
DA:6,3
DA:35,6
DA:46,3
LH:3
LF:3
end_of_record
SF:range.jl
DA:3,0
DA:5,18914887
DA:145,0
DA:277,18914887
DA:282,18914887
DA:311,14048747
DA:320,14048747
DA:473,1
DA:477,18915917
DA:517,134226168
DA:521,93
DA:545,524
DA:570,8249356
DA:589,93
DA:590,90
DA:593,37110342
DA:597,3948578239
DA:598,3930383683
DA:599,3930383683
DA:604,0
DA:618,16384
DA:619,16384
DA:620,16384
DA:625,16545792
DA:626,16545792
DA:657,90
DA:662,90
DA:663,90
DA:720,3615
LH:26
LF:29
end_of_record
SF:/Users/jakoo/work/_julia/XfromProjections.jl/src/iterative/util_convexopt.jl
DA:27,2
DA:28,1
DA:30,2
DA:31,3
DA:32,3
DA:34,6
DA:36,4
DA:37,0
DA:38,0
DA:40,3
DA:43,1
DA:64,16
DA:65,12
DA:66,12
DA:67,8
DA:68,65536
DA:69,4
DA:78,8
DA:79,4
DA:80,12
DA:81,4
DA:82,4
DA:84,12
DA:85,4
DA:86,4
DA:88,12
DA:89,4
DA:90,4
DA:92,8
DA:93,4
DA:151,12
DA:152,8
DA:153,8
DA:154,4
LH:32
LF:34
end_of_record
SF:atomics.jl
DA:67,0
LH:0
LF:1
end_of_record
SF:simdloop.jl
DA:51,0
DA:54,33091584
DA:69,0
DA:70,1123
DA:71,0
DA:72,918531
DA:75,134904835
DA:76,133986304
DA:77,133986304
DA:78,133986304
DA:79,134903856
LH:8
LF:11
end_of_record
SF:/Users/sabae/buildbot/worker/package_macos64/build/usr/share/julia/stdlib/v1.3/Pkg/src/Types.jl
DA:201,3
DA:202,3
LH:2
LF:2
end_of_record
SF:broadcast.jl
DA:170,2147
DA:179,2147
DA:196,19
DA:206,560
DA:208,560
DA:256,19
DA:259,1084
DA:261,1084
DA:473,590
DA:474,36
DA:478,535
DA:481,15
DA:484,536
DA:490,536
DA:492,2320
DA:508,1784
DA:509,1784
DA:511,1624
DA:514,1056
DA:515,1056
DA:543,209715200
DA:544,33042432
DA:546,679477248
DA:552,2135
DA:553,2135
DA:557,176
DA:558,2311
DA:562,133986304
DA:563,133986304
DA:568,0
DA:577,50429952
DA:591,4270
DA:596,242757632
DA:597,2135
DA:602,267923456
DA:603,267923456
DA:626,284749824
DA:627,226120704
DA:630,267923456
DA:660,30
DA:819,38
DA:822,132712
DA:839,38
DA:863,1670
DA:871,131080
DA:884,4906
DA:890,2758
DA:891,4906
DA:893,2780
DA:894,2750
DA:899,1103
DA:901,28
DA:903,56
DA:904,32
DA:907,1638
DA:908,1123
DA:909,133986304
DA:911,1075
DA:1137,60
DA:1234,15
DA:1236,15
LH:60
LF:61
end_of_record
SF:/Users/sabae/buildbot/worker/package_macos64/build/usr/share/julia/stdlib/v1.3/Pkg/ext/TOML/src/parser.jl
DA:32,254
LH:1
LF:1
end_of_record
SF:/Users/sabae/buildbot/worker/package_macos64/build/usr/share/julia/stdlib/v1.3/Logging/src/ConsoleLogger.jl
DA:40,0
DA:100,0
LH:0
LF:2
end_of_record
SF:float.jl
DA:60,35001
DA:262,182
DA:277,182
DA:310,2317
DA:370,2
DA:372,2
DA:393,270
DA:394,0
DA:395,0
DA:401,3939282280
DA:403,25057852
DA:405,3983312456
DA:407,58580071
DA:454,4681821
DA:456,58722572
DA:458,41943049
DA:460,2
DA:487,2316
DA:488,2316
DA:526,0
DA:527,0
DA:528,183
DA:535,58720256
DA:706,2
DA:707,2
DA:709,0
LH:21
LF:26
end_of_record
SF:abstractdict.jl
DA:12,0
DA:17,6
DA:40,6
DA:98,3
DA:596,6
DA:597,12
DA:600,6
DA:601,3
DA:602,3
DA:667,6
LH:9
LF:10
end_of_record
SF:ntuple.jl
DA:18,1
DA:43,4279
DA:46,374
DA:50,374
LH:4
LF:4
end_of_record
SF:missing.jl
DA:140,0
LH:0
LF:1
end_of_record
SF:essentials.jl
DA:202,0
DA:366,2
DA:368,312
DA:387,14038521
DA:391,0
DA:413,312
DA:708,2
DA:709,1
DA:736,84
LH:7
LF:9
end_of_record
